0 verbose cli /usr/local/bin/node /usr/local/bin/npm
1 info using npm@9.3.0
2 info using node@v18.13.0
3 timing npm:load:whichnode Completed in 13ms
4 timing config:load:defaults Completed in 11ms
5 timing config:load:file:/usr/local/lib/node_modules/npm/npmrc Completed in 96ms
6 timing config:load:builtin Completed in 97ms
7 timing config:load:cli Completed in 20ms
8 timing config:load:env Completed in 44ms
9 timing config:load:project Completed in 23ms
10 timing config:load:file:/home/container/.npmrc Completed in 0ms
11 timing config:load:user Completed in 0ms
12 timing config:load:file:/usr/local/etc/npmrc Completed in 2ms
13 timing config:load:global Completed in 2ms
14 timing config:load:setEnvs Completed in 3ms
15 timing config:load Completed in 205ms
16 timing npm:load:configload Completed in 205ms
17 timing npm:load:mkdirpcache Completed in 0ms
18 timing npm:load:mkdirplogs Completed in 0ms
19 verbose title npm start
20 verbose argv "start"
21 timing npm:load:setTitle Completed in 3ms
22 timing config:load:flatten Completed in 6ms
23 timing npm:load:display Completed in 8ms
24 verbose logfile logs-max:10 dir:/home/container/.npm/_logs/2023-01-21T03_55_43_204Z-
25 verbose logfile /home/container/.npm/_logs/2023-01-21T03_55_43_204Z-debug-0.log
26 timing npm:load:logFile Completed in 13ms
27 timing npm:load:timers Completed in 1ms
28 timing npm:load:configScope Completed in 0ms
29 timing npm:load Completed in 245ms
30 silly logfile done cleaning log files
31 http fetch GET 200 https://registry.npmjs.org/npm 1488ms (cache miss)
32 http fetch GET 200 https://registry.npmjs.org/npm 1778ms (cache miss)
