0 verbose cli /usr/local/bin/node /usr/local/bin/npm
1 info using npm@9.3.0
2 info using node@v18.13.0
3 timing npm:load:whichnode Completed in 61ms
4 timing config:load:defaults Completed in 3ms
5 timing config:load:file:/usr/local/lib/node_modules/npm/npmrc Completed in 95ms
6 timing config:load:builtin Completed in 95ms
7 timing config:load:cli Completed in 24ms
8 timing config:load:env Completed in 1ms
9 timing config:load:project Completed in 24ms
10 timing config:load:file:/home/container/.npmrc Completed in 1ms
11 timing config:load:user Completed in 1ms
12 timing config:load:file:/usr/local/etc/npmrc Completed in 1ms
13 timing config:load:global Completed in 1ms
14 timing config:load:setEnvs Completed in 2ms
15 timing config:load Completed in 152ms
16 timing npm:load:configload Completed in 152ms
17 timing npm:load:mkdirpcache Completed in 57ms
18 timing npm:load:mkdirplogs Completed in 9ms
19 verbose title npm start
20 verbose argv "start"
21 timing npm:load:setTitle Completed in 2ms
22 timing config:load:flatten Completed in 4ms
23 timing npm:load:display Completed in 7ms
24 verbose logfile logs-max:10 dir:/home/container/.npm/_logs/2023-01-21T04_06_17_952Z-
25 verbose logfile /home/container/.npm/_logs/2023-01-21T04_06_17_952Z-debug-0.log
26 timing npm:load:logFile Completed in 27ms
27 timing npm:load:timers Completed in 0ms
28 timing npm:load:configScope Completed in 0ms
29 timing npm:load Completed in 315ms
30 silly logfile done cleaning log files
